Flutter crash report.
Please report a bug at https://github.com/flutter/flutter/issues.

## command

flutter build apk --release

## exception

FileSystemException: FileSystemException: Cannot open file, path = 'C:\flutter\bin\cache\downloads\storage.googleapis.com\flutter_infra\flutter\81027ab0cc0e7974beee760eb042827a44dd12f3\windows-x64\artifacts.zip' (OS Error: The system cannot find the path specified.
, errno = 3)

```
#0      _File.throwIfError (dart:io/file_impl.dart:635:7)
#1      _File.openSync (dart:io/file_impl.dart:479:5)
#2      _File.readAsBytesSync (dart:io/file_impl.dart:539:18)
#3      ForwardingFile.readAsBytesSync (package:file/src/forwarding/forwarding_file.dart:95:62)
#4      ForwardingFile.readAsBytesSync (package:file/src/forwarding/forwarding_file.dart:95:62)
#5      _WindowsUtils.unzip (package:flutter_tools/src/base/os.dart:334:59)
#6      CachedArtifact._downloadArchive.<anonymous closure> (package:flutter_tools/src/cache.dart:648:16)
#7      CachedArtifact._withDownloadFile (package:flutter_tools/src/cache.dart:667:26)
#8      CachedArtifact._downloadArchive (package:flutter_tools/src/cache.dart:633:12)
#9      CachedArtifact._downloadZipArchive (package:flutter_tools/src/cache.dart:654:12)
#10     EngineCachedArtifact.updateInner (package:flutter_tools/src/cache.dart:792:13)
<asynchronous suspension>
#11     CachedArtifact.update (package:flutter_tools/src/cache.dart:589:11)
#12     Cache.updateAll (package:flutter_tools/src/cache.dart:455:24)
#13     FlutterCommand.verifyThenRunCommand (package:flutter_tools/src/runner/flutter_command.dart:877:27)
#14     FlutterCommand.run.<anonymous closure> (package:flutter_tools/src/runner/flutter_command.dart:785:33)
<asynchronous suspension>
#15     FlutterCommand.run.<anonymous closure> (package:flutter_tools/src/runner/flutter_command.dart)
#16     AppContext.run.<anonymous closure> (package:flutter_tools/src/base/context.dart:150:29)
#17     _rootRun (dart:async/zone.dart:1190:13)
#18     _CustomZone.run (dart:async/zone.dart:1093:19)
#19     _runZoned (dart:async/zone.dart:1630:10)
#20     runZoned (dart:async/zone.dart:1550:10)
#21     AppContext.run (package:flutter_tools/src/base/context.dart:149:18)
#22     FlutterCommand.run (package:flutter_tools/src/runner/flutter_command.dart:774:20)
#23     CommandRunner.runCommand (package:args/command_runner.dart:197:27)
#24     FlutterCommandRunner.runCommand.<anonymous closure> (package:flutter_tools/src/runner/flutter_command_runner.dart:335:21)
<asynchronous suspension>
#25     FlutterCommandRunner.runCommand.<anonymous closure> (package:flutter_tools/src/runner/flutter_command_runner.dart)
#26     AppContext.run.<anonymous closure> (package:flutter_tools/src/base/context.dart:150:29)
#27     _rootRun (dart:async/zone.dart:1190:13)
#28     _CustomZone.run (dart:async/zone.dart:1093:19)
#29     _runZoned (dart:async/zone.dart:1630:10)
#30     runZoned (dart:async/zone.dart:1550:10)
#31     AppContext.run (package:flutter_tools/src/base/context.dart:149:18)
#32     FlutterCommandRunner.runCommand (package:flutter_tools/src/runner/flutter_command_runner.dart:281:19)
<asynchronous suspension>
#33     CommandRunner.run.<anonymous closure> (package:args/command_runner.dart:112:25)
#34     new Future.sync (dart:async/future.dart:223:31)
#35     CommandRunner.run (package:args/command_runner.dart:112:14)
#36     FlutterCommandRunner.run (package:flutter_tools/src/runner/flutter_command_runner.dart:230:18)
#37     run.<anonymous closure>.<anonymous closure> (package:flutter_tools/runner.dart:69:22)
#38     _rootRun (dart:async/zone.dart:1190:13)
#39     _CustomZone.run (dart:async/zone.dart:1093:19)
#40     _runZoned (dart:async/zone.dart:1630:10)
#41     runZonedGuarded (dart:async/zone.dart:1618:12)
#42     runZoned (dart:async/zone.dart:1547:12)
#43     run.<anonymous closure> (package:flutter_tools/runner.dart:67:18)
<asynchronous suspension>
#44     run.<anonymous closure> (package:flutter_tools/runner.dart)
#45     runInContext.runnerWrapper (package:flutter_tools/src/context_runner.dart:64:18)
<asynchronous suspension>
#46     runInContext.runnerWrapper (package:flutter_tools/src/context_runner.dart)
#47     AppContext.run.<anonymous closure> (package:flutter_tools/src/base/context.dart:150:29)
#48     _rootRun (dart:async/zone.dart:1190:13)
#49     _CustomZone.run (dart:async/zone.dart:1093:19)
#50     _runZoned (dart:async/zone.dart:1630:10)
#51     runZoned (dart:async/zone.dart:1550:10)
#52     AppContext.run (package:flutter_tools/src/base/context.dart:149:18)
#53     runInContext (package:flutter_tools/src/context_runner.dart:67:24)
#54     run (package:flutter_tools/runner.dart:52:10)
#55     main (package:flutter_tools/executable.dart:76:9)
#56     main (file:///C:/flutter/packages/flutter_tools/bin/flutter_tools.dart:8:3)
#57     _startIsolate.<anonymous closure> (dart:isolate-patch/isolate_patch.dart:299:32)
#58     _RawReceivePortImpl._handleMessage (dart:isolate-patch/isolate_patch.dart:168:12)
```

## flutter doctor

```
[✓] Flutter (Channel dev, 1.22.0-1.0.pre, on Microsoft Windows [Version 10.0.19041.450], locale ar-EG)
    • Flutter version 1.22.0-1.0.pre at C:\flutter
    • Framework revision ce40de69b7 (3 days ago), 2020-08-20 07:31:50 -0700
    • Engine revision 81027ab0cc
    • Dart version 2.10.0 (build 2.10.0-45.0.dev)

[✓] Android toolchain - develop for Android devices (Android SDK version 29.0.2)
    • Android SDK at C:\Users\HASSAN\AppData\Local\Android\sdk
    • Platform android-29, build-tools 29.0.2
    • Java binary at: C:\Program Files (x86)\Common Files\Oracle\Java\javapath\java.exe
    • Java version Java(TM) SE Runtime Environment (build 1.8.0_211-b12)
    • All Android licenses accepted.

[✓] Chrome - develop for the web
    • Chrome at C:\Program Files (x86)\Google\Chrome\Application\chrome.exe

[!] Android Studio (not installed)
    • Android Studio not found; download from https://developer.android.com/studio/index.html
      (or visit https://flutter.dev/docs/get-started/install/windows#android-setup for detailed instructions).

[✓] VS Code (version 1.48.1)
    • VS Code at C:\Users\HASSAN\AppData\Local\Programs\Microsoft VS Code
    • Flutter extension version 3.13.2

[✓] Connected device (3 available)
    • Web Server (web) • web-server • web-javascript • Flutter Tools
    • Chrome (web)     • chrome     • web-javascript • Google Chrome 84.0.4147.89
    • Edge (web)       • edge       • web-javascript • Microsoft Edge 84.0.522.63

! Doctor found issues in 1 category.
```
